<?xml version="1.0" encoding="UTF-8"?>
<testsuite name="com.fittim.backend.controller.FitControllerTest" tests="1" skipped="0" failures="0" errors="0" timestamp="2025-12-08T12:58:50" hostname="nojeong-un-ui-MacBookAir.local" time="0.093">
  <properties/>
  <testcase name="getFitHistory_ShouldReturnHasReasonField()" classname="com.fittim.backend.controller.FitControllerTest" time="0.093"/>
  <system-out><![CDATA[21:58:48.322 [Test worker] INFO org.springframework.test.context.support.AnnotationConfigContextLoaderUtils -- Could not detect default configuration classes for test class [com.fittim.backend.controller.FitControllerTest]: FitControllerTest does not declare any static, non-private, non-final, nested classes annotated with @Configuration.
21:58:48.402 [Test worker] INFO org.springframework.boot.test.context.SpringBootTestContextBootstrapper -- Found @SpringBootConfiguration com.fittim.backend.FittimApplication for test class com.fittim.backend.controller.FitControllerTest

  .   ____          _            __ _ _
 /\\ / ___'_ __ _ _(_)_ __  __ _ \ \ \ \
( ( )\___ | '_ | '_| | '_ \/ _` | \ \ \ \
 \\/  ___)| |_)| | | | | || (_| |  ) ) ) )
  '  |____| .__|_| |_|_| |_\__, | / / / /
 =========|_|==============|___/=/_/_/_/
 :: Spring Boot ::                (v3.2.0)

2025-12-08T21:58:49.056+09:00  INFO 84706 --- [fittim-backend] [    Test worker] c.f.b.controller.FitControllerTest       : Starting FitControllerTest using Java 21.0.8 with PID 84706 (started by nojeong-un in /Users/nojeong-un/devs/fittim_backend)
2025-12-08T21:58:49.057+09:00  INFO 84706 --- [fittim-backend] [    Test worker] c.f.b.controller.FitControllerTest       : No active profile set, falling back to 1 default profile: "default"
2025-12-08T21:58:49.066+09:00 DEBUG 84706 --- [fittim-backend] [    Test worker] o.s.w.c.s.GenericWebApplicationContext   : Refreshing org.springframework.web.context.support.GenericWebApplicationContext@408b87aa
2025-12-08T21:58:50.288+09:00 DEBUG 84706 --- [fittim-backend] [    Test worker] s.w.s.m.m.a.RequestMappingHandlerMapping : 5 mappings in 'requestMappingHandlerMapping'
2025-12-08T21:58:50.339+09:00 DEBUG 84706 --- [fittim-backend] [    Test worker] o.s.w.s.handler.SimpleUrlHandlerMapping  : Patterns [/webjars/**, /**, /images/**] in 'resourceHandlerMapping'
2025-12-08T21:58:50.406+09:00 DEBUG 84706 --- [fittim-backend] [    Test worker] s.w.s.m.m.a.RequestMappingHandlerAdapter : ControllerAdvice beans: 0 @ModelAttribute, 0 @InitBinder, 1 RequestBodyAdvice, 1 ResponseBodyAdvice
2025-12-08T21:58:50.421+09:00 DEBUG 84706 --- [fittim-backend] [    Test worker] .m.m.a.ExceptionHandlerExceptionResolver : ControllerAdvice beans: 1 @ExceptionHandler, 1 ResponseBodyAdvice
2025-12-08T21:58:50.444+09:00  WARN 84706 --- [fittim-backend] [    Test worker] .s.s.UserDetailsServiceAutoConfiguration : 

Using generated security password: eb045c3a-f3fb-494d-b3cd-25178ef57766

This generated password is for development use only. Your security configuration must be updated before running your application in production.

2025-12-08T21:58:50.493+09:00  INFO 84706 --- [fittim-backend] [    Test worker] o.s.s.web.DefaultSecurityFilterChain     : Will secure any request with [org.springframework.security.web.session.DisableEncodeUrlFilter@280d6a20, org.springframework.security.web.context.request.async.WebAsyncManagerIntegrationFilter@56f72909, org.springframework.security.web.context.SecurityContextHolderFilter@71beada8, org.springframework.security.web.header.HeaderWriterFilter@d6d683e, org.springframework.web.filter.CorsFilter@71285693, org.springframework.security.web.csrf.CsrfFilter@19e801b5, org.springframework.security.web.authentication.logout.LogoutFilter@fd69983, org.springframework.security.web.authentication.UsernamePasswordAuthenticationFilter@3516b881, org.springframework.security.web.authentication.ui.DefaultLoginPageGeneratingFilter@290807e5, org.springframework.security.web.authentication.ui.DefaultLogoutPageGeneratingFilter@3199a202, org.springframework.security.web.authentication.www.BasicAuthenticationFilter@35524549, org.springframework.security.web.savedrequest.RequestCacheAwareFilter@2b3b1124, org.springframework.security.web.servletapi.SecurityContextHolderAwareRequestFilter@54286339, org.springframework.security.web.authentication.AnonymousAuthenticationFilter@7286827b, org.springframework.security.web.access.ExceptionTranslationFilter@1c53bd49, org.springframework.security.web.access.intercept.AuthorizationFilter@49fe0bcd]
2025-12-08T21:58:50.516+09:00  INFO 84706 --- [fittim-backend] [    Test worker] o.s.b.t.m.w.SpringBootMockServletContext : Initializing Spring TestDispatcherServlet ''
2025-12-08T21:58:50.516+09:00  INFO 84706 --- [fittim-backend] [    Test worker] o.s.t.web.servlet.TestDispatcherServlet  : Initializing Servlet ''
2025-12-08T21:58:50.516+09:00  INFO 84706 --- [fittim-backend] [    Test worker] o.s.t.web.servlet.TestDispatcherServlet  : Completed initialization in 0 ms
2025-12-08T21:58:50.572+09:00  INFO 84706 --- [fittim-backend] [    Test worker] c.f.b.controller.FitControllerTest       : Started FitControllerTest in 2.118 seconds (process running for 2.703)
2025-12-08T21:58:50.603+09:00  WARN 84706 --- [fittim-backend] [    Test worker] o.s.w.s.h.HandlerMappingIntrospector     : Cache miss for REQUEST dispatch to '/api/fits/history' (previous null). Performing CorsConfiguration lookup. This is logged once only at WARN level, and every time at TRACE.
2025-12-08T21:58:50.609+09:00 DEBUG 84706 --- [fittim-backend] [    Test worker] s.w.s.m.m.a.RequestMappingHandlerMapping : Mapped to com.fittim.backend.controller.FitController#getFitHistory(UserDetails)
2025-12-08T21:58:50.622+09:00 DEBUG 84706 --- [fittim-backend] [    Test worker] o.s.w.s.m.m.a.HttpEntityMethodProcessor  : Using 'application/json', given [*/*] and supported [application/json, application/*+json]
2025-12-08T21:58:50.626+09:00 DEBUG 84706 --- [fittim-backend] [    Test worker] o.s.w.s.m.m.a.HttpEntityMethodProcessor  : Writing [[FitHistoryDto[id=1, title=오늘의 TEST 룩, place=TEST_PLACE, mood=TEST_MOOD, season=WINTER, imageUrl=htt (truncated)...]

MockHttpServletRequest:
      HTTP Method = GET
      Request URI = /api/fits/history
       Parameters = {}
          Headers = []
             Body = null
    Session Attrs = {SPRING_SECURITY_CONTEXT=SecurityContextImpl [Authentication=UsernamePasswordAuthenticationToken [Principal=org.springframework.security.core.userdetails.User [Username=test@example.com, Password=[PROTECTED], Enabled=true, AccountNonExpired=true, CredentialsNonExpired=true, AccountNonLocked=true, Granted Authorities=[ROLE_USER]], Credentials=[PROTECTED], Authenticated=true, Details=null, Granted Authorities=[ROLE_USER]]]}

Handler:
             Type = com.fittim.backend.controller.FitController
           Method = com.fittim.backend.controller.FitController#getFitHistory(UserDetails)

Async:
    Async started = false
     Async result = null

Resolved Exception:
             Type = null

ModelAndView:
        View name = null
             View = null
            Model = null

FlashMap:
       Attributes = null

MockHttpServletResponse:
           Status = 200
    Error message = null
          Headers = [Vary:"Origin", "Access-Control-Request-Method", "Access-Control-Request-Headers", Content-Type:"application/json", X-Content-Type-Options:"nosniff", X-XSS-Protection:"0", Cache-Control:"no-cache, no-store, max-age=0, must-revalidate", Pragma:"no-cache", Expires:"0", X-Frame-Options:"DENY"]
     Content type = application/json
             Body = [{"id":1,"title":"오늘의 TEST 룩","place":"TEST_PLACE","mood":"TEST_MOOD","season":"WINTER","imageUrl":"http://image.url","reason":"THIS_IS_THE_REASON_FROM_BACKEND","createdAt":"2025-12-08T21:58:50.586624"}]
    Forwarded URL = null
   Redirected URL = null
          Cookies = []
]]></system-out>
  <system-err><![CDATA[WARNING: A Java agent has been loaded dynamically (/Users/nojeong-un/.gradle/caches/modules-2/files-2.1/net.bytebuddy/byte-buddy-agent/1.14.10/90ed94ac044ea8953b224304c762316e91fd6b31/byte-buddy-agent-1.14.10.jar)
WARNING: If a serviceability tool is in use, please run with -XX:+EnableDynamicAgentLoading to hide this warning
WARNING: If a serviceability tool is not in use, please run with -Djdk.instrument.traceUsage for more information
WARNING: Dynamic loading of agents will be disallowed by default in a future release
]]></system-err>
</testsuite>
